#
# A fatal error has been detected by the Java Runtime Environment:
#
#  EXCEPTION_ACCESS_VIOLATION (0xc0000005) at pc=0x00007ffcb5a28db9, pid=8608, tid=14852
#
# JRE version:  (11.0.6+8) (build )
# Java VM: OpenJDK 64-Bit Server VM (11.0.6+8-b765.1, mixed mode, sharing, tiered, compressed oops, g1 gc, windows-amd64)
# Problematic frame:
# C  0x00007ffcb5a28db9
#
# No core dump will be written. Minidumps are not enabled by default on client versions of Windows
#
# If you would like to submit a bug report, please visit:
#   http://bugreport.java.com/bugreport/crash.jsp
#

---------------  S U M M A R Y ------------

Command Line: -Dfile.encoding=UTF8 -ea -Xmx1024m 

Host: Intel(R) Core(TM) i5-1035G7 CPU @ 1.20GHz, 8 cores, 15G,  Windows 10 , 64 bit Build 19041 (10.0.19041.292)
Time: Mon Sep 28 09:42:37 2020 대한민국 표준시 elapsed time: 0 seconds (0d 0h 0m 0s)

---------------  T H R E A D  ---------------

Current thread (0x0000026a5eb56800):  JavaThread "Unknown thread" [_thread_in_vm, id=14852, stack(0x000000a476200000,0x000000a4763f0000)]

Stack: [0x000000a476200000,0x000000a4763f0000],  sp=0x000000a4763e8e30,  free space=1955k
Native frames: (J=compiled Java code, j=interpreted, Vv=VM code, C=native code)
C  0x00007ffcb5a28db9
C  0x00007ffcb5a27206
C  0x00007ffcb5bb5a5b
C  0x00007ffcb5f349ee
C  0x00007ffcb5c1f0a3
C  0x00007ffcb5c215c1
C  0x00007ffd08bf474d  JPEnv::CreateJavaVM+0x2d  (jp_env.cpp:218)
C  0x00007ffd08bf48f3  JPEnv::loadJVM+0xc3  (jp_env.cpp:164)
C  0x00007ffd08c11b6b  PyJPModule::startup+0x23b  (pyjp_module.cpp:157)
C  [python37.dll+0x48cbc]  _PyMethodDef_RawFastCallKeywords+0x3ac  (call.c:694)
C  [python37.dll+0x495c7]  call_function+0x3a7  (ceval.c:4554)
C  [python37.dll+0x4a05f]  _PyEval_EvalFrameDefault+0x90f  (ceval.c:3095)
C  [python37.dll+0x39cd8]  _PyEval_EvalCodeWithName+0x1a8  (ceval.c:3930)
C  [python37.dll+0x49532]  call_function+0x312  (ceval.c:4605)
C  [python37.dll+0x4a74a]  _PyEval_EvalFrameDefault+0xffa  (ceval.c:3140)
C  [python37.dll+0x39cd8]  _PyEval_EvalCodeWithName+0x1a8  (ceval.c:3930)
C  [python37.dll+0x49532]  call_function+0x312  (ceval.c:4605)
C  [python37.dll+0x4a05f]  _PyEval_EvalFrameDefault+0x90f  (ceval.c:3095)
C  [python37.dll+0x39cd8]  _PyEval_EvalCodeWithName+0x1a8  (ceval.c:3930)
C  [python37.dll+0x3995a]  _PyFunction_FastCallDict+0x1ba  (call.c:376)
C  [python37.dll+0x384dc]  slot_tp_init+0x144  (typeobject.c:6610)
C  [python37.dll+0x416ed]  type_call+0xad  (typeobject.c:950)
C  [python37.dll+0x4147a]  _PyObject_FastCallKeywords+0x17a  (call.c:199)
C  [python37.dll+0x49615]  call_function+0x3f5  (ceval.c:4605)
C  [python37.dll+0x49bfd]  _PyEval_EvalFrameDefault+0x4ad  (ceval.c:3125)
C  [python37.dll+0x39cd8]  _PyEval_EvalCodeWithName+0x1a8  (ceval.c:3930)
C  [python37.dll+0x1e2ca]  builtin_exec_impl+0x136  (bltinmodule.c:1079)
C  [python37.dll+0x1e185]  builtin_exec+0x6d  (bltinmodule.c.h:283)
C  [python37.dll+0x489c0]  _PyMethodDef_RawFastCallKeywords+0xb0  (call.c:651)
C  [python37.dll+0x495c7]  call_function+0x3a7  (ceval.c:4554)
C  [python37.dll+0x49bfd]  _PyEval_EvalFrameDefault+0x4ad  (ceval.c:3125)
C  [python37.dll+0x1660c]  gen_send_ex+0xb4  (genobject.c:222)
C  [python37.dll+0x91c0c]  _PyEval_EvalFrameDefault+0x484bc  (ceval.c:1795)
C  [python37.dll+0x1660c]  gen_send_ex+0xb4  (genobject.c:222)
C  [python37.dll+0x91c0c]  _PyEval_EvalFrameDefault+0x484bc  (ceval.c:1795)
C  [python37.dll+0x1660c]  gen_send_ex+0xb4  (genobject.c:222)
C  [python37.dll+0x489e1]  _PyMethodDef_RawFastCallKeywords+0xd1  (call.c:644)
C  [python37.dll+0x49469]  call_function+0x249  (ceval.c:4579)
C  [python37.dll+0x49bb5]  _PyEval_EvalFrameDefault+0x465  (ceval.c:3111)
C  [python37.dll+0x49377]  call_function+0x157  (ceval.c:4602)
C  [python37.dll+0x49bfd]  _PyEval_EvalFrameDefault+0x4ad  (ceval.c:3125)
C  [python37.dll+0x49377]  call_function+0x157  (ceval.c:4602)
C  [python37.dll+0x49bb5]  _PyEval_EvalFrameDefault+0x465  (ceval.c:3111)
C  [python37.dll+0x39cd8]  _PyEval_EvalCodeWithName+0x1a8  (ceval.c:3930)
C  [python37.dll+0x3995a]  _PyFunction_FastCallDict+0x1ba  (call.c:376)
C  [python37.dll+0x3893e]  method_call+0x92  (classobject.c:312)
C  [python37.dll+0x17a50]  do_call_core+0xc4  (ceval.c:4631)
C  [python37.dll+0x4a8c5]  _PyEval_EvalFrameDefault+0x1175  (ceval.c:3192)
C  [python37.dll+0x39cd8]  _PyEval_EvalCodeWithName+0x1a8  (ceval.c:3930)
C  [python37.dll+0x49532]  call_function+0x312  (ceval.c:4605)
C  [python37.dll+0x4a74a]  _PyEval_EvalFrameDefault+0xffa  (ceval.c:3140)
C  [python37.dll+0x1660c]  gen_send_ex+0xb4  (genobject.c:222)
C  [python37.dll+0x1905e6]  builtin_next+0x6e  (bltinmodule.c:1427)
C  [python37.dll+0x489c0]  _PyMethodDef_RawFastCallKeywords+0xb0  (call.c:651)
C  [python37.dll+0x495c7]  call_function+0x3a7  (ceval.c:4554)
C  [python37.dll+0x49bfd]  _PyEval_EvalFrameDefault+0x4ad  (ceval.c:3125)
C  [python37.dll+0x39cd8]  _PyEval_EvalCodeWithName+0x1a8  (ceval.c:3930)
C  [python37.dll+0x49532]  call_function+0x312  (ceval.c:4605)
C  [python37.dll+0x49bb5]  _PyEval_EvalFrameDefault+0x465  (ceval.c:3111)
C  [python37.dll+0x1660c]  gen_send_ex+0xb4  (genobject.c:222)
C  [python37.dll+0x1905e6]  builtin_next+0x6e  (bltinmodule.c:1427)
C  [python37.dll+0x489c0]  _PyMethodDef_RawFastCallKeywords+0xb0  (call.c:651)
C  [python37.dll+0x495c7]  call_function+0x3a7  (ceval.c:4554)
C  [python37.dll+0x49bfd]  _PyEval_EvalFrameDefault+0x4ad  (ceval.c:3125)
C  [python37.dll+0x39cd8]  _PyEval_EvalCodeWithName+0x1a8  (ceval.c:3930)
C  [python37.dll+0x49532]  call_function+0x312  (ceval.c:4605)
C  [python37.dll+0x49bfd]  _PyEval_EvalFrameDefault+0x4ad  (ceval.c:3125)
C  [python37.dll+0x1660c]  gen_send_ex+0xb4  (genobject.c:222)
C  [python37.dll+0x1905e6]  builtin_next+0x6e  (bltinmodule.c:1427)
C  [python37.dll+0x489c0]  _PyMethodDef_RawFastCallKeywords+0xb0  (call.c:651)
C  [python37.dll+0x495c7]  call_function+0x3a7  (ceval.c:4554)
C  [python37.dll+0x49bfd]  _PyEval_EvalFrameDefault+0x4ad  (ceval.c:3125)
C  [python37.dll+0x39cd8]  _PyEval_EvalCodeWithName+0x1a8  (ceval.c:3930)
C  [python37.dll+0x3995a]  _PyFunction_FastCallDict+0x1ba  (call.c:376)
C  [python37.dll+0x3893e]  method_call+0x92  (classobject.c:312)
C  [python37.dll+0x17a50]  do_call_core+0xc4  (ceval.c:4631)
C  [python37.dll+0x4a8c5]  _PyEval_EvalFrameDefault+0x1175  (ceval.c:3192)
C  [python37.dll+0x1660c]  gen_send_ex+0xb4  (genobject.c:222)
C  [python37.dll+0x489e1]  _PyMethodDef_RawFastCallKeywords+0xd1  (call.c:644)
C  [python37.dll+0x49469]  call_function+0x249  (ceval.c:4579)
C  [python37.dll+0x49bb5]  _PyEval_EvalFrameDefault+0x465  (ceval.c:3111)
C  [python37.dll+0x49377]  call_function+0x157  (ceval.c:4602)
C  [python37.dll+0x49bb5]  _PyEval_EvalFrameDefault+0x465  (ceval.c:3111)
C  [python37.dll+0x39cd8]  _PyEval_EvalCodeWithName+0x1a8  (ceval.c:3930)
C  [python37.dll+0x3995a]  _PyFunction_FastCallDict+0x1ba  (call.c:376)
C  [python37.dll+0xb1b6a]  partial_fastcall+0xc6  (_functoolsmodule.c:170)
C  [python37.dll+0xb1944]  partial_call+0x4c  (_functoolsmodule.c:228)
C  [python37.dll+0x4147a]  _PyObject_FastCallKeywords+0x17a  (call.c:199)
C  [python37.dll+0x49615]  call_function+0x3f5  (ceval.c:4605)
C  [python37.dll+0x49bfd]  _PyEval_EvalFrameDefault+0x4ad  (ceval.c:3125)
C  [python37.dll+0x49377]  call_function+0x157  (ceval.c:4602)
C  [python37.dll+0x49bb5]  _PyEval_EvalFrameDefault+0x465  (ceval.c:3111)
C  [python37.dll+0x39cd8]  _PyEval_EvalCodeWithName+0x1a8  (ceval.c:3930)
C  [python37.dll+0x13fe8e]  _PyFunction_FastCallKeywords+0x132  (call.c:440)
C  [python37.dll+0x8c166]  _PyObject_FastCallKeywords+0x4ae66  (call.c:153)
C  [python37.dll+0x19a2c1]  context_run+0x61  (context.c:621)
C  [python37.dll+0x41160]  _PyMethodDef_RawFastCallDict+0x140  (call.c:544)
C  [python37.dll+0x17ab6]  do_call_core+0x12a  (ceval.c:4627)
C  [python37.dll+0x4a8c5]  _PyEval_EvalFrameDefault+0x1175  (ceval.c:3192)
...<more frames>...


siginfo: EXCEPTION_ACCESS_VIOLATION (0xc0000005), reading address 0x0000000000000000


Registers:
RAX=0x00006144625b9191, RBX=0x0000000000000000, RCX=0x0000000000000000, RDX=0x0000000000000000
RSP=0x000000a4763e8e30, RBP=0x0000000000000000, RSI=0x0000026a5eb56800, RDI=0x000000a4763e9208
R8 =0x0000000000000006, R9 =0x0000000000000006, R10=0x0000000000000006, R11=0x000000a4763e83a0
R12=0x0000026a63fd5db8, R13=0x0000000000000000, R14=0x0000026a5f0223c8, R15=0x00007ffcb5ded840
RIP=0x00007ffcb5a28db9, EFLAGS=0x0000000000010256

Top of Stack: (sp=0x000000a4763e8e30)
0x000000a4763e8e30:   0000000000000038 00007ffcb5e122f1
0x000000a4763e8e40:   0000000000000000 00007ffcb59d7afe
0x000000a4763e8e50:   0000000000000000 0000000000000000
0x000000a4763e8e60:   0000026a624b7c60 00007ffcb5e12695
0x000000a4763e8e70:   0000026a5eb56800 000000a4763e8eb0
0x000000a4763e8e80:   0000026a61f47850 00007ffcb5e12037
0x000000a4763e8e90:   0000000000000000 00007ffcb5e64b59
0x000000a4763e8ea0:   0000026a624b7c60 0000026a63fd5db8
0x000000a4763e8eb0:   0000000000000000 0000000000000000
0x000000a4763e8ec0:   0000000000000004 00007ffcb5e6512d
0x000000a4763e8ed0:   00006144625b9191 00007ffcb6051990
0x000000a4763e8ee0:   0000000000000004 0000000000000000
0x000000a4763e8ef0:   0000026a5eb56800 000000a4763e8f40
0x000000a4763e8f00:   0000000000000000 00007ffcb5a27206
0x000000a4763e8f10:   0000000000000000 000000a4763e8f40
0x000000a4763e8f20:   0000000000000000 000000a4763e9208 

Instructions: (pc=0x00007ffcb5a28db9)
0x00007ffcb5a28cb9:   c8 49 03 d6 4c 63 c7 48 8b f0 ff 15 5f 2b 57 00
0x00007ffcb5a28cc9:   48 8b cb 41 b1 01 48 2b 8c 24 90 00 00 00 45 33
0x00007ffcb5a28cd9:   c0 33 d2 c6 04 31 00 48 8b ce e8 98 09 00 00 42
0x00007ffcb5a28ce9:   80 3c 33 3b 4a 8d 3c 33 75 1d 0f 1f 40 00 66 0f
0x00007ffcb5a28cf9:   1f 84 00 00 00 00 00 48 ff c3 ff c5 42 80 3c 33
0x00007ffcb5a28d09:   3b 4a 8d 3c 33 74 f0 49 83 3c 24 00 74 18 48 8b
0x00007ffcb5a28d19:   94 24 98 00 00 00 49 8b cf e8 09 07 ef ff 49 8b
0x00007ffcb5a28d29:   cc e8 b1 05 ef ff 48 8b 44 24 20 48 8d 4c 24 30
0x00007ffcb5a28d39:   49 89 47 18 48 8b 44 24 28 49 89 47 20 4d 89 67
0x00007ffcb5a28d49:   10 e8 e1 5b 0f 00 44 8b ed 48 89 9c 24 90 00 00
0x00007ffcb5a28d59:   00 48 3b 5c 24 38 0f 8c d3 fe ff ff 4c 8b 7c 24
0x00007ffcb5a28d69:   40 4c 8b 64 24 48 48 8b 7c 24 50 48 8b 74 24 58
0x00007ffcb5a28d79:   48 8b 9c 24 80 00 00 00 48 83 c4 60 41 5e 41 5d
0x00007ffcb5a28d89:   5d c3 cc cc cc cc cc 40 53 55 56 41 55 48 81 ec
0x00007ffcb5a28d99:   b8 00 00 00 48 8b 05 9c cf 7e 00 48 33 c4 48 89
0x00007ffcb5a28da9:   84 24 a0 00 00 00 48 8b e9 48 83 cb ff 48 ff c3
0x00007ffcb5a28db9:   80 3c 0b 00 75 f7 33 f6 c6 44 24 30 01 40 38 35
0x00007ffcb5a28dc9:   27 d5 81 00 74 17 40 38 35 aa 3c 81 00 75 0e 33
0x00007ffcb5a28dd9:   d2 48 8d 0d 8f 83 62 00 e8 3a 62 1a 00 45 33 ed
0x00007ffcb5a28de9:   85 db 0f 8e 1b 02 00 00 48 89 bc 24 e8 00 00 00
0x00007ffcb5a28df9:   48 8b fd 4c 89 a4 24 f0 00 00 00 48 63 c3 33 db
0x00007ffcb5a28e09:   4c 89 b4 24 f8 00 00 00 4c 89 bc 24 b0 00 00 00
0x00007ffcb5a28e19:   48 89 44 24 68 48 89 74 24 40 0f b6 07 84 c0 74
0x00007ffcb5a28e29:   18 66 0f 1f 44 00 00 3c 3b 74 0e 0f b6 44 2b 01
0x00007ffcb5a28e39:   48 ff c3 ff c6 84 c0 75 ee 48 8d 54 24 38 48 c7
0x00007ffcb5a28e49:   44 24 38 00 00 00 00 48 8d 4c 24 60 e8 56 5a 0f
0x00007ffcb5a28e59:   00 48 8b 44 24 38 8b fe 41 2b fd 33 d2 4c 8b b0
0x00007ffcb5a28e69:   70 02 00 00 49 8b 46 18 4d 8b 66 10 48 89 44 24
0x00007ffcb5a28e79:   50 49 8b 46 20 48 89 44 24 58 49 8b 46 28 48 89
0x00007ffcb5a28e89:   44 24 48 8d 47 01 48 63 c8 e8 b9 0e 47 00 49 63
0x00007ffcb5a28e99:   d5 48 8b c8 48 03 d5 4c 63 c7 4c 8b f8 ff 15 7c
0x00007ffcb5a28ea9:   29 57 00 48 8b cb 48 2b 4c 24 40 80 7c 24 30 00 



---------------  P R O C E S S  ---------------

Threads class SMR info:
_java_thread_list=0x0000026a61f48640, length=0, elements={
}

Java Threads: ( => current thread )

Other Threads:

[error occurred during error reporting (printing all threads), id 0xc0000005, EXCEPTION_ACCESS_VIOLATION (0xc0000005) at pc=0x00007ffcb5f393fe]

VM state:not at safepoint (not fully initialized)

VM Mutex/Monitor currently owned by a thread: None


[error occurred during error reporting (printing compressed oops mode), id 0xc0000005, EXCEPTION_ACCESS_VIOLATION (0xc0000005) at pc=0x00007ffcb5f506e7]

Deoptimization events (0 events):
No events

Classes redefined (0 events):
No events

Internal exceptions (0 events):
No events

Events (2 events):
Event: 0.020 Loaded shared library C:\Users\user\Anaconda3\Library\bin\bin\zip.dll
Event: 0.022 Loaded shared library C:\Users\user\Anaconda3\Library\bin\bin\jimage.dll


Dynamic libraries:
0x00007ff725a10000 - 0x00007ff725a2b000 	C:\Users\user\Anaconda3\python.exe
0x00007ffd40e90000 - 0x00007ffd41085000 	C:\WINDOWS\SYSTEM32\ntdll.dll
0x00007ffd3f1f0000 - 0x00007ffd3f2ad000 	C:\WINDOWS\System32\KERNEL32.DLL
0x00007ffd3ea70000 - 0x00007ffd3ed37000 	C:\WINDOWS\System32\KERNELBASE.dll
0x00007ffd3edc0000 - 0x00007ffd3eec0000 	C:\WINDOWS\System32\ucrtbase.dll
0x00007ffcc63a0000 - 0x00007ffcc6779000 	C:\Users\user\Anaconda3\python37.dll
0x00007ffd40dc0000 - 0x00007ffd40e15000 	C:\WINDOWS\System32\SHLWAPI.dll
0x00007ffd3f840000 - 0x00007ffd3f8de000 	C:\WINDOWS\System32\msvcrt.dll
0x00007ffd40b90000 - 0x00007ffd40bfb000 	C:\WINDOWS\System32\WS2_32.dll
0x00007ffd3eef0000 - 0x00007ffd3f014000 	C:\WINDOWS\System32\RPCRT4.dll
0x00007ffd40a30000 - 0x00007ffd40ada000 	C:\WINDOWS\System32\ADVAPI32.dll
0x00007ffd40d20000 - 0x00007ffd40dbb000 	C:\WINDOWS\System32\sechost.dll
0x00007ffd2b380000 - 0x00007ffd2b395000 	C:\Users\user\Anaconda3\VCRUNTIME140.dll
0x00007ffd36760000 - 0x00007ffd3676a000 	C:\WINDOWS\SYSTEM32\VERSION.dll
0x00007ffd3df20000 - 0x00007ffd3df38000 	C:\WINDOWS\SYSTEM32\CRYPTSP.dll
0x00007ffd3d6e0000 - 0x00007ffd3d714000 	C:\WINDOWS\system32\rsaenh.dll
0x00007ffd3eec0000 - 0x00007ffd3eee7000 	C:\WINDOWS\System32\bcrypt.dll
0x00007ffd3df40000 - 0x00007ffd3df4c000 	C:\WINDOWS\SYSTEM32\CRYPTBASE.dll
0x00007ffd3e990000 - 0x00007ffd3ea0f000 	C:\WINDOWS\System32\bcryptPrimitives.dll
0x00007ffd2b530000 - 0x00007ffd2b53f000 	C:\Users\user\Anaconda3\python3.dll
0x00007ffd2b360000 - 0x00007ffd2b378000 	C:\Users\user\Anaconda3\DLLs\_bz2.pyd
0x00007ffd06180000 - 0x00007ffd061c1000 	C:\Users\user\Anaconda3\DLLs\_lzma.pyd
0x00007ffd2b350000 - 0x00007ffd2b35d000 	C:\Users\user\Anaconda3\DLLs\_hashlib.pyd
0x00007ffce6ad0000 - 0x00007ffce6d35000 	C:\Users\user\Anaconda3\DLLs\libcrypto-1_1-x64.dll
0x00007ffd405b0000 - 0x00007ffd40750000 	C:\WINDOWS\System32\USER32.dll
0x00007ffd3ed90000 - 0x00007ffd3edb2000 	C:\WINDOWS\System32\win32u.dll
0x00007ffd3f0f0000 - 0x00007ffd3f11a000 	C:\WINDOWS\System32\GDI32.dll
0x00007ffd3e880000 - 0x00007ffd3e989000 	C:\WINDOWS\System32\gdi32full.dll
0x00007ffd3e5d0000 - 0x00007ffd3e66d000 	C:\WINDOWS\System32\msvcp_win.dll
0x00007ffd40e20000 - 0x00007ffd40e50000 	C:\WINDOWS\System32\IMM32.DLL
0x00007ffd06130000 - 0x00007ffd06154000 	C:\Users\user\Anaconda3\DLLs\_ctypes.pyd
0x00007ffd40750000 - 0x00007ffd40879000 	C:\WINDOWS\System32\ole32.dll
0x00007ffd40250000 - 0x00007ffd405a5000 	C:\WINDOWS\System32\combase.dll
0x00007ffd3f120000 - 0x00007ffd3f1ed000 	C:\WINDOWS\System32\OLEAUT32.dll
0x00007ffd3f9c0000 - 0x00007ffd40101000 	C:\WINDOWS\System32\shell32.DLL
0x00007ffd06110000 - 0x00007ffd06129000 	C:\Users\user\Anaconda3\DLLs\_sqlite3.pyd
0x00007ffd05fe0000 - 0x00007ffd0610c000 	C:\Users\user\Anaconda3\DLLs\sqlite3.dll
0x00007ffd06410000 - 0x00007ffd06425000 	C:\Users\user\Anaconda3\DLLs\_socket.pyd
0x00007ffd06170000 - 0x00007ffd06179000 	C:\Users\user\Anaconda3\DLLs\select.pyd
0x00007ffd037c0000 - 0x00007ffd037e1000 	C:\Users\user\Anaconda3\DLLs\_ssl.pyd
0x00007ffd3e720000 - 0x00007ffd3e87d000 	C:\WINDOWS\System32\CRYPT32.dll
0x00007ffcc7e90000 - 0x00007ffcc7f16000 	C:\Users\user\Anaconda3\DLLs\libssl-1_1-x64.dll
0x00007ffd39980000 - 0x00007ffd39988000 	C:\Users\user\Anaconda3\DLLs\_contextvars.pyd
0x00007ffd037a0000 - 0x00007ffd037b5000 	C:\Users\user\Anaconda3\DLLs\_asyncio.pyd
0x00007ffd06160000 - 0x00007ffd0616d000 	C:\Users\user\Anaconda3\DLLs\_overlapped.pyd
0x00007ffd3dd50000 - 0x00007ffd3ddba000 	C:\WINDOWS\system32\mswsock.dll
0x00007ffcc6c70000 - 0x00007ffcc6d79000 	C:\Users\user\Anaconda3\DLLs\unicodedata.pyd
0x00007ffd06430000 - 0x00007ffd06439000 	C:\Users\user\Anaconda3\DLLs\_queue.pyd
0x00007ffd03780000 - 0x00007ffd03796000 	C:\Users\user\Anaconda3\lib\site-packages\zmq\backend\cython\constants.cp37-win_amd64.pyd
0x00007ffd041f0000 - 0x00007ffd041fc000 	C:\Users\user\Anaconda3\lib\site-packages\zmq\backend\cython\error.cp37-win_amd64.pyd
0x00007ffcc7c70000 - 0x00007ffcc7ce6000 	C:\Users\user\Anaconda3\Library\bin\libzmq-mt-4_3_2.dll
0x00007ffd3da40000 - 0x00007ffd3da7b000 	C:\WINDOWS\SYSTEM32\IPHLPAPI.DLL
0x00007ffd25020000 - 0x00007ffd250b1000 	C:\WINDOWS\SYSTEM32\MSVCP140.dll
0x00007ffd25010000 - 0x00007ffd2501c000 	C:\WINDOWS\SYSTEM32\VCRUNTIME140_1.dll
0x00007ffd02ee0000 - 0x00007ffd02efa000 	C:\Users\user\Anaconda3\lib\site-packages\zmq\backend\cython\message.cp37-win_amd64.pyd
0x00007ffce6ab0000 - 0x00007ffce6ac4000 	C:\Users\user\Anaconda3\lib\site-packages\zmq\backend\cython\context.cp37-win_amd64.pyd
0x00007ffccb610000 - 0x00007ffccb636000 	C:\Users\user\Anaconda3\lib\site-packages\zmq\backend\cython\socket.cp37-win_amd64.pyd
0x00007ffce7fb0000 - 0x00007ffce7fbe000 	C:\Users\user\Anaconda3\lib\site-packages\zmq\backend\cython\utils.cp37-win_amd64.pyd
0x00007ffce6a90000 - 0x00007ffce6aa4000 	C:\Users\user\Anaconda3\lib\site-packages\zmq\backend\cython\_poll.cp37-win_amd64.pyd
0x00007ffce7220000 - 0x00007ffce722c000 	C:\Users\user\Anaconda3\lib\site-packages\zmq\backend\cython\_version.cp37-win_amd64.pyd
0x00007ffccb5f0000 - 0x00007ffccb602000 	C:\Users\user\Anaconda3\lib\site-packages\zmq\backend\cython\_device.cp37-win_amd64.pyd
0x00007ffcda170000 - 0x00007ffcda180000 	C:\Users\user\Anaconda3\lib\site-packages\zmq\backend\cython\_proxy_steerable.cp37-win_amd64.pyd
0x00007ffcc71d0000 - 0x00007ffcc7215000 	C:\Users\user\Anaconda3\DLLs\_decimal.pyd
0x00007ffccb5e0000 - 0x00007ffccb5f0000 	C:\Users\user\Anaconda3\lib\site-packages\simplejson\_speedups.cp37-win_amd64.pyd
0x00007ffccb5d0000 - 0x00007ffccb5d7000 	C:\Users\user\Anaconda3\lib\site-packages\tornado\speedups.cp37-win_amd64.pyd
0x00007ffd3cf10000 - 0x00007ffd3cf23000 	C:\WINDOWS\SYSTEM32\kernel.appcore.dll
0x00007ffd40c80000 - 0x00007ffd40c89000 	C:\WINDOWS\System32\NSI.dll
0x00007ffd30520000 - 0x00007ffd30537000 	C:\WINDOWS\SYSTEM32\dhcpcsvc6.DLL
0x00007ffd34d40000 - 0x00007ffd34d5d000 	C:\WINDOWS\SYSTEM32\dhcpcsvc.DLL
0x00007ffd3da80000 - 0x00007ffd3db4b000 	C:\WINDOWS\SYSTEM32\DNSAPI.dll
0x000000005ca30000 - 0x000000005ca54000 	C:\Users\user\Anaconda3\lib\site-packages\win32\win32api.pyd
0x000000005ca00000 - 0x000000005ca26000 	C:\Users\user\Anaconda3\lib\site-packages\win32\pywintypes37.dll
0x00007ffd254c0000 - 0x00007ffd254cc000 	C:\WINDOWS\SYSTEM32\secur32.dll
0x00007ffd3e4b0000 - 0x00007ffd3e4ec000 	C:\WINDOWS\SYSTEM32\SSPICLI.DLL
0x000000005c9d0000 - 0x000000005c9f6000 	C:\Users\user\Anaconda3\lib\site-packages\win32\win32security.pyd
0x00007ffd28fc0000 - 0x00007ffd28fd8000 	C:\WINDOWS\SYSTEM32\NETAPI32.dll
0x00007ffd3db50000 - 0x00007ffd3db5c000 	C:\WINDOWS\SYSTEM32\NETUTILS.DLL
0x0000026a5e350000 - 0x0000026a5e353000 	C:\WINDOWS\SYSTEM32\security.dll
0x00007ffd39990000 - 0x00007ffd399ba000 	C:\WINDOWS\SYSTEM32\ntdsapi.dll
0x00007ffd3db60000 - 0x00007ffd3dba2000 	C:\WINDOWS\SYSTEM32\LOGONCLI.DLL
0x00007ffd40ae0000 - 0x00007ffd40b8e000 	C:\WINDOWS\System32\shcore.dll
0x00007ffd39660000 - 0x00007ffd39696000 	C:\Users\user\Anaconda3\DLLs\_elementtree.pyd
0x00007ffd1bd40000 - 0x00007ffd1bd76000 	C:\Users\user\Anaconda3\DLLs\pyexpat.pyd
0x00007ffd2ec50000 - 0x00007ffd2ec57000 	C:\Users\user\Anaconda3\lib\site-packages\mkl\_mklinit.cp37-win_amd64.pyd
0x00007ffcc14f0000 - 0x00007ffcc2378000 	C:\Users\user\Anaconda3\Library\bin\mkl_rt.dll
0x00007ffd1c5b0000 - 0x00007ffd1c5d2000 	C:\Users\user\Anaconda3\lib\site-packages\mkl\_py_mkl_service.cp37-win_amd64.pyd
0x00007ffd1bf60000 - 0x00007ffd1c22a000 	C:\Users\user\Anaconda3\lib\site-packages\numpy\core\_multiarray_umath.cp37-win_amd64.pyd
0x00007ffd1c590000 - 0x00007ffd1c5ae000 	C:\Users\user\Anaconda3\lib\site-packages\numpy\core\_multiarray_tests.cp37-win_amd64.pyd
0x00007ffd2add0000 - 0x00007ffd2add9000 	C:\Users\user\Anaconda3\lib\site-packages\numpy\linalg\lapack_lite.cp37-win_amd64.pyd
0x00007ffd1c560000 - 0x00007ffd1c58a000 	C:\Users\user\Anaconda3\lib\site-packages\numpy\linalg\_umath_linalg.cp37-win_amd64.pyd
0x00007ffd1c540000 - 0x00007ffd1c560000 	C:\Users\user\Anaconda3\lib\site-packages\numpy\fft\_pocketfft_internal.cp37-win_amd64.pyd
0x00007ffd1c4b0000 - 0x00007ffd1c53f000 	C:\Users\user\Anaconda3\lib\site-packages\numpy\random\mtrand.cp37-win_amd64.pyd
0x00007ffd1bf30000 - 0x00007ffd1bf59000 	C:\Users\user\Anaconda3\lib\site-packages\numpy\random\_bit_generator.cp37-win_amd64.pyd
0x00007ffd1bf00000 - 0x00007ffd1bf2c000 	C:\Users\user\Anaconda3\lib\site-packages\numpy\random\_common.cp37-win_amd64.pyd
0x00007ffd1beb0000 - 0x00007ffd1bef3000 	C:\Users\user\Anaconda3\lib\site-packages\numpy\random\_bounded_integers.cp37-win_amd64.pyd
0x00007ffd1be90000 - 0x00007ffd1beac000 	C:\Users\user\Anaconda3\lib\site-packages\numpy\random\_mt19937.cp37-win_amd64.pyd
0x00007ffd1be70000 - 0x00007ffd1be87000 	C:\Users\user\Anaconda3\lib\site-packages\numpy\random\_philox.cp37-win_amd64.pyd
0x00007ffd1be50000 - 0x00007ffd1be65000 	C:\Users\user\Anaconda3\lib\site-packages\numpy\random\_pcg64.cp37-win_amd64.pyd
0x00007ffd1be30000 - 0x00007ffd1be42000 	C:\Users\user\Anaconda3\lib\site-packages\numpy\random\_sfc64.cp37-win_amd64.pyd
0x00007ffd1bd80000 - 0x00007ffd1be23000 	C:\Users\user\Anaconda3\lib\site-packages\numpy\random\_generator.cp37-win_amd64.pyd
0x00007ffcbf560000 - 0x00007ffcc14ee000 	C:\Users\user\Anaconda3\Library\bin\mkl_intel_thread.dll
0x00007ffcba0e0000 - 0x00007ffcbe551000 	C:\Users\user\Anaconda3\Library\bin\mkl_core.dll
0x00007ffcb6f40000 - 0x00007ffcba0d7000 	C:\Users\user\Anaconda3\Library\bin\mkl_avx512.dll
0x00007ffcb6320000 - 0x00007ffcb6f3a000 	C:\Users\user\Anaconda3\Library\bin\mkl_vml_avx512.dll
0x00007ffcc7a20000 - 0x00007ffcc7a35000 	C:\Users\user\Anaconda3\lib\site-packages\scipy\_lib\_ccallback_c.cp37-win_amd64.pyd
0x00007ffcc8030000 - 0x00007ffcc8040000 	C:\Users\user\Anaconda3\lib\site-packages\scipy\_lib\_uarray\_uarray.cp37-win_amd64.pyd
0x00007ffcc6960000 - 0x00007ffcc69f0000 	C:\Users\user\Anaconda3\lib\site-packages\scipy\fft\_pocketfft\pypocketfft.cp37-win_amd64.pyd
0x00007ffcc5b50000 - 0x00007ffcc5d69000 	C:\Users\user\Anaconda3\lib\site-packages\scipy\sparse\_sparsetools.cp37-win_amd64.pyd
0x00007ffcc79b0000 - 0x00007ffcc7a1c000 	C:\Users\user\Anaconda3\lib\site-packages\scipy\sparse\_csparsetools.cp37-win_amd64.pyd
0x00007ffcc6d80000 - 0x00007ffcc6dd9000 	C:\Users\user\Anaconda3\lib\site-packages\scipy\sparse\csgraph\_shortest_path.cp37-win_amd64.pyd
0x00007ffcc7240000 - 0x00007ffcc7264000 	C:\Users\user\Anaconda3\lib\site-packages\scipy\sparse\csgraph\_tools.cp37-win_amd64.pyd
0x00007ffcc6930000 - 0x00007ffcc6953000 	C:\Users\user\Anaconda3\lib\site-packages\scipy\sparse\csgraph\_traversal.cp37-win_amd64.pyd
0x00007ffcc6900000 - 0x00007ffcc692e000 	C:\Users\user\Anaconda3\lib\site-packages\scipy\sparse\csgraph\_min_spanning_tree.cp37-win_amd64.pyd
0x00007ffcc68c0000 - 0x00007ffcc68f8000 	C:\Users\user\Anaconda3\lib\site-packages\scipy\sparse\csgraph\_flow.cp37-win_amd64.pyd
0x00007ffcc6890000 - 0x00007ffcc68c0000 	C:\Users\user\Anaconda3\lib\site-packages\scipy\sparse\csgraph\_matching.cp37-win_amd64.pyd
0x00007ffcc6850000 - 0x00007ffcc688b000 	C:\Users\user\Anaconda3\lib\site-packages\scipy\sparse\csgraph\_reordering.cp37-win_amd64.pyd
0x00007ffcc7be0000 - 0x00007ffcc7c63000 	C:\Users\user\Anaconda3\lib\site-packages\scipy\spatial\ckdtree.cp37-win_amd64.pyd
0x00007ffcc7b00000 - 0x00007ffcc7bd7000 	C:\Users\user\Anaconda3\lib\site-packages\scipy\spatial\qhull.cp37-win_amd64.pyd
0x00007ffcc7af0000 - 0x00007ffcc7b00000 	C:\Users\user\Anaconda3\lib\site-packages\scipy\_lib\messagestream.cp37-win_amd64.pyd
0x00007ffcc7ac0000 - 0x00007ffcc7aeb000 	C:\Users\user\Anaconda3\lib\site-packages\scipy\spatial\_voronoi.cp37-win_amd64.pyd
0x00007ffc87820000 - 0x00007ffc878b2000 	C:\Users\user\Anaconda3\lib\site-packages\scipy\linalg\_fblas.cp37-win_amd64.pyd
0x00007ffc876a0000 - 0x00007ffc87813000 	C:\Users\user\Anaconda3\lib\site-packages\scipy\linalg\_flapack.cp37-win_amd64.pyd
0x00007ffc87680000 - 0x00007ffc87692000 	C:\Users\user\Anaconda3\lib\site-packages\scipy\linalg\_flinalg.cp37-win_amd64.pyd
0x00007ffc87640000 - 0x00007ffc87676000 	C:\Users\user\Anaconda3\lib\site-packages\scipy\linalg\_solve_toeplitz.cp37-win_amd64.pyd
0x00007ffc875f0000 - 0x00007ffc87632000 	C:\Users\user\Anaconda3\lib\site-packages\scipy\linalg\_decomp_update.cp37-win_amd64.pyd
0x00007ffc875b0000 - 0x00007ffc875ed000 	C:\Users\user\Anaconda3\lib\site-packages\scipy\linalg\cython_blas.cp37-win_amd64.pyd
0x00007ffc87500000 - 0x00007ffc875a8000 	C:\Users\user\Anaconda3\lib\site-packages\scipy\linalg\cython_lapack.cp37-win_amd64.pyd
0x00007ffcc7aa0000 - 0x00007ffcc7aba000 	C:\Users\user\Anaconda3\lib\site-packages\scipy\spatial\_distance_wrap.cp37-win_amd64.pyd

dbghelp: loaded successfully - version: 4.0.5 - missing functions: none
symbol engine: initialized successfully - sym options: 0x614 - pdb path: .;C:\Users\user\Anaconda3;C:\WINDOWS\SYSTEM32;C:\Users\user\Anaconda3\DLLs;C:\Users\user\Anaconda3\lib\site-packages\zmq\backend\cython;C:\Users\user\Anaconda3\Library\bin;C:\Users\user\Anaconda3\lib\site-packages\simplejson;C:\Users\user\Anaconda3\lib\site-packages\tornado;C:\Users\user\Anaconda3\lib\site-packages\win32;C:\Users\user\Anaconda3\lib\site-packages\mkl;C:\Users\user\Anaconda3\lib\site-packages\numpy\core;C:\Users\user\Anaconda3\lib\site-packages\numpy\linalg;C:\Users\user\Anaconda3\lib\site-packages\numpy\fft;C:\Users\user\Anaconda3\lib\site-packages\numpy\random;C:\Users\user\Anaconda3\lib\site-packages\scipy\_lib;C:\Users\user\Anaconda3\lib\site-packages\scipy\_lib\_uarray;C:\Users\user\Anaconda3\lib\site-packages\scipy\fft\_pocketfft;C:\Users\user\Anaconda3\lib\site-packages\scipy\sparse;C:\Users\user\Anaconda3\lib\site-packages\scipy\sparse\csgraph;C:\Users\user\Anaconda3\lib\site-packages\scipy\spatial;C:\Users\user\Anaconda3\lib\site-packages\scipy\linalg;C:\Users\user\Anaconda3\lib\site-packages\scipy\special;C:\Users\user\Anaconda3\lib\site-packages\scipy\ndimage;C:\Users\user\Anaconda3\lib\site-packages\scipy\optimize;C:\Users\user\Anaconda3\lib\site-packages\scipy\optimize\_trlib;C:\Users\user\Anaconda3\lib\site-packages\scipy\sparse\linalg\isolve;C:\Users\user\Anaconda3\lib\site-packages\scipy\sparse\linalg\dsolve;C:\Users\user\Anaconda3\lib\site-packages\scipy\sparse\linalg\eigen\arpack;C:\Users\user\Anaconda3\lib\site-packages\scipy\optimize\_lsq;C:\Users\user\Anaconda3\lib\site-packages\scipy\integrate;C:\Users\user\Anaconda3\lib\site-packages\scipy\interpolate;C:\Users\user\Anaconda3\lib\site-packages\scipy\stats;C:\WINDOWS\WinSxS\amd64_microsoft.windows.common-controls_6595b64144ccf1df_6.0.19041.488_none_ca04af081b815d21;C:\Users\user\Anaconda3\lib\site-packages\sklearn\.libs;C:\Users\user\Anaconda3\lib\site-packages\sklearn\__check_build;C:\Users\user\Anaconda3\lib\site-packages\sklearn\utils;C:\Users\user\Anaconda3\lib\site-packages\psutil;C:\Users\user\Anaconda3\lib\site-packages\sklearn\feature_extraction;C:\Users\user\Anaconda3\lib\site-packages\sklearn\preprocessing;C:\Users\user\Anaconda3\lib\site-packages\sklearn\datasets;C:\Users\user\Anaconda3\lib\site-packages\scipy\io\matlab;C:\Users\user\Anaconda3\lib\site-packages\sklearn\svm;C:\Users\user\Anaconda3\lib\site-packages\sklearn\metrics\cluster;C:\Users\user\Anaconda3\lib\site-packages\sklearn\metrics;C:\Users\user\Anaconda3\lib\site-packages\sklearn\linear_model;C:\Users\user\Anaconda3\lib\site-packages\regex;C:\Users\user\Anaconda3\lib\site-packages\pycrfsuite;C:\Users\user\Anaconda3\lib\site-packages;C:\Users\user\Anaconda3\lib\site-packages\brotli;C:\Users\user\Anaconda3\lib\site-packages\cchardet;C:\Users\user\Anaconda3\lib\site-packages\lxml;C:\Users\user\Anaconda3\Library\bin\bin\server;C:\Users\user\Anaconda3\Library\bin\bin

VM Arguments:
jvm_args: -Dfile.encoding=UTF8 -ea -Xmx1024m 
java_command: <unknown>
java_class_path (initial): C:\Users\user\Anaconda3\lib\site-packages\konlpy\java;C:\Users\user\Anaconda3\lib\site-packages\konlpy\java\bin;C:\Users\user\Anaconda3\lib\site-packages\konlpy\java\*;C:\Users\user\Anaconda3\lib\site-packages\konlpy\java\jhannanum-0.8.4.jar;C:\Users\user\Anaconda3\lib\site-packages\konlpy\java\kkma-2.0.jar;C:\Users\user\Anaconda3\lib\site-packages\konlpy\java\aho-corasick.jar;C:\Users\user\Anaconda3\lib\site-packages\konlpy\java\shineware-common-1.0.jar;C:\Users\user\Anaconda3\lib\site-packages\konlpy\java\shineware-ds-1.0.jar;C:\Users\user\Anaconda3\lib\site-packages\konlpy\java\komoran-3.0.jar;C:\Users\user\Anaconda3\lib\site-packages\konlpy\java\snakeyaml-1.12.jar;C:\Users\user\Anaconda3\lib\site-packages\konlpy\java\scala-library-2.12.3.jar;C:\Users\user\Anaconda3\lib\site-packages\konlpy\java\open-korean-text-2.1.0.jar;C:\Users\user\Anaconda3\lib\site-packages\konlpy\java\twitter-text-1.14.7.jar;C:\Users\user\Anaconda3\lib\site-packages\konlpy\java\*
Launcher Type: generic

[Global flags]
     uint G1ConcRefinementThreads                  = 8                                         {product} {ergonomic}
    uintx GCDrainStackTargetSize                   = 64                                        {product} {ergonomic}
   size_t InitialHeapSize                          = 264091008                                 {product} {ergonomic}
   size_t MaxHeapSize                              = 1073741824                                {product} {command line}
    uintx ReservedCodeCacheSize                    = 251658240                              {pd product} {ergonomic}
     bool SegmentedCodeCache                       = true                                      {product} {ergonomic}
     bool UseCompressedClassPointers               = true                                 {lp64_product} {ergonomic}
     bool UseCompressedOops                        = true                                 {lp64_product} {ergonomic}
     bool UseG1GC                                  = true                                      {product} {ergonomic}
     bool UseLargePagesIndividualAllocation        = false                                  {pd product} {ergonomic}

Logging:
Log output configuration:
 #0: stdout all=warning uptime,level,tags
 #1: stderr all=off uptime,level,tags

Environment Variables:
JAVA_HOME=C:\Users\user\Anaconda3\Library
PATH=C:\Users\user\Anaconda3;C:\Users\user\Anaconda3\Library\mingw-w64\bin;C:\Users\user\Anaconda3\Library\usr\bin;C:\Users\user\Anaconda3\Library\bin;C:\Users\user\Anaconda3\Scripts;C:\Users\user\Anaconda3\bin;C:\Users\user\Anaconda3\condabin;C:\Program Files\NVIDIA GPU Computing Toolkit\CUDA\v10.2\bin;C:\Program Files\NVIDIA GPU Computing Toolkit\CUDA\v10.2\libnvvp;C:\Program Files (x86)\Common Files\Oracle\Java\javapath;C:\ProgramData\Oracle\Java\javapath;C:\Windows\system32;C:\Windows;C:\Windows\System32\Wbem;C:\Windows\System32\WindowsPowerShell\v1.0;C:\Windows\System32\OpenSSH;C:\Program Files\NVIDIA Corporation\Nsight Compute 2019.5.0;C:\Program Files (x86)\NVIDIA Corporation\PhysX\Common;C:\Program Files\Git\cmd;C:\WINDOWS\system32;C:\WINDOWS;C:\WINDOWS\System32\Wbem;C:\WINDOWS\System32\WindowsPowerShell\v1.0;C:\WINDOWS\System32\OpenSSH;C:\Program Files\MySQL\MySQL Shell 8.0\bin;C:\Users\user\Anaconda3;C:\Users\user\Anaconda3\Library\mingw-w64\bin;C:\Users\user\Anaconda3\Library\usr\bin;C:\Users\user\Anaconda3\Library\bin;C:\Users\user\Anaconda3\Scripts;C:\Users\user\AppData\Local\Microsoft\WindowsApps;C:\Users\user\AppData\Local\Programs\Microsoft VS Code\bin;C:\GOD\programs\flutter\bin;C:\GOD\programs\flutter\android_sdk\tools\bin;C:\Program Files\Android\Android Studio;.;C:\Program Files\JetBrains\PyCharm Community Edition 2020.1.2\bin;.;C:\Users\user\AppData\Local\Programs\EmEditor;C:\Users\user\Anaconda3\lib\site-packages\numpy\.libs;C:\Users\user\Anaconda3\lib\site-packages\scipy\.libs
USERNAME=user
OS=Windows_NT
PROCESSOR_IDENTIFIER=Intel64 Family 6 Model 126 Stepping 5, GenuineIntel



---------------  S Y S T E M  ---------------

OS: Windows 10 , 64 bit Build 19041 (10.0.19041.292)

CPU:total 8 (initial active 8) 

Memory: 4k page, system-wide physical 16118M (6982M free)
TotalPageFile size 32502M (AvailPageFile size 22422M)
current process WorkingSet (physical memory assigned to process): 177M, peak: 177M
current process commit charge ("private bytes"): 162M, peak: 162M

vm_info: OpenJDK 64-Bit Server VM (11.0.6+8-b765.1) for windows-amd64 JRE (11.0.6+8-b765.1), built on Feb 22 2020 04:18:15 by "" with MS VC++ 14.0 (VS2015)

END.
